2021/06/19 08:34:27 [error] 32#32: *1 FastCGI sent in stderr: "PHP message: PHP Warning:  Trying to access array offset on value of type bool in /var/www/html/wp-admin/includes/file.php on line 2108PHP message: PHP Warning:  Undefined array key "username" in /var/www/html/wp-admin/includes/file.php on line 2109" while reading response header from upstream, client: 172.18.0.1, server: localhost, request: "GET /wp-admin/setup-config.php HTTP/1.1", upstream: "fastcgi://172.18.0.3:9000", host: "localhost"
2021/06/19 08:34:27 [error] 32#32: *2 FastCGI sent in stderr: "PHP message: PHP Warning:  Trying to access array offset on value of type bool in /var/www/html/wp-admin/includes/file.php on line 2108PHP message: PHP Warning:  Undefined array key "username" in /var/www/html/wp-admin/includes/file.php on line 2109" while reading response header from upstream, client: 172.18.0.1, server: localhost, request: "GET /wp-admin/setup-config.php HTTP/1.1", upstream: "fastcgi://172.18.0.3:9000", host: "localhost", referrer: "http://localhost/wp-admin/setup-config.php"
2021/06/19 08:47:13 [error] 31#31: *1 FastCGI sent in stderr: "PHP message: PHP Fatal error:  Uncaught Error: Call to undefined function mysql_connect() in /var/www/html/wp-includes/wp-db.php:1688
Stack trace:
#0 /var/www/html/wp-includes/wp-db.php(632): wpdb->db_connect()
#1 /var/www/html/wp-includes/load.php(545): wpdb->__construct()
#2 /var/www/html/wp-settings.php(124): require_wp_db()
#3 /var/www/html/wp-config.php(94): require_once('...')
#4 /var/www/html/wp-load.php(37): require_once('...')
#5 /var/www/html/wp-blog-header.php(13): require_once('...')
#6 /var/www/html/index.php(17): require('...')
#7 {main}
  thrown in /var/www/html/wp-includes/wp-db.php on line 1688" while reading response header from upstream, client: 172.18.0.1, server: localhost, request: "GET / HTTP/1.1", upstream: "fastcgi://172.18.0.3:9000", host: "localhost"
2021/06/19 08:47:13 [error] 31#31: *1 FastCGI sent in stderr: "PHP message: PHP Fatal error:  Uncaught Error: Call to undefined function mysql_connect() in /var/www/html/wp-includes/wp-db.php:1688
Stack trace:
#0 /var/www/html/wp-includes/wp-db.php(632): wpdb->db_connect()
#1 /var/www/html/wp-includes/load.php(545): wpdb->__construct()
#2 /var/www/html/wp-settings.php(124): require_wp_db()
#3 /var/www/html/wp-config.php(94): require_once('...')
#4 /var/www/html/wp-load.php(37): require_once('...')
#5 /var/www/html/wp-blog-header.php(13): require_once('...')
#6 /var/www/html/index.php(17): require('...')
#7 {main}
  thrown in /var/www/html/wp-includes/wp-db.php on line 1688" while reading response header from upstream, client: 172.18.0.1, server: localhost, request: "GET /favicon.ico HTTP/1.1", upstream: "fastcgi://172.18.0.3:9000", host: "localhost", referrer: "http://localhost/"
2021/06/19 08:53:44 [error] 31#31: *6 FastCGI sent in stderr: "PHP message: PHP Warning:  Undefined array key "DB_PASSWORD" in /var/www/html/wp-config.php on line 35PHP message: PHP Warning:  Undefined array key "DB_HOST" in /var/www/html/wp-config.php on line 38PHP message: PHP Fatal error:  Uncaught Error: Call to undefined function mysql_connect() in /var/www/html/wp-includes/wp-db.php:1688
Stack trace:
#0 /var/www/html/wp-includes/wp-db.php(632): wpdb->db_connect()
#1 /var/www/html/wp-includes/load.php(545): wpdb->__construct()
#2 /var/www/html/wp-settings.php(124): require_wp_db()
#3 /var/www/html/wp-config.php(94): require_once('...')
#4 /var/www/html/wp-load.php(37): require_once('...')
#5 /var/www/html/wp-blog-header.php(13): require_once('...')
#6 /var/www/html/index.php(17): require('...')
#7 {main}
  thrown in /var/www/html/wp-includes/wp-db.php on line 1688" while reading response header from upstream, client: 172.18.0.1, server: localhost, request: "GET / HTTP/1.1", upstream: "fastcgi://172.18.0.3:9000", host: "localhost"
2021/06/19 08:53:44 [error] 31#31: *6 FastCGI sent in stderr: "PHP message: PHP Warning:  Undefined array key "DB_PASSWORD" in /var/www/html/wp-config.php on line 35PHP message: PHP Warning:  Undefined array key "DB_HOST" in /var/www/html/wp-config.php on line 38PHP message: PHP Fatal error:  Uncaught Error: Call to undefined function mysql_connect() in /var/www/html/wp-includes/wp-db.php:1688
Stack trace:
#0 /var/www/html/wp-includes/wp-db.php(632): wpdb->db_connect()
#1 /var/www/html/wp-includes/load.php(545): wpdb->__construct()
#2 /var/www/html/wp-settings.php(124): require_wp_db()
#3 /var/www/html/wp-config.php(94): require_once('...')
#4 /var/www/html/wp-load.php(37): require_once('...')
#5 /var/www/html/wp-blog-header.php(13): require_once('...')
#6 /var/www/html/index.php(17): require('...')
#7 {main}
  thrown in /var/www/html/wp-includes/wp-db.php on line 1688" while reading response header from upstream, client: 172.18.0.1, server: localhost, request: "GET /favicon.ico HTTP/1.1", upstream: "fastcgi://172.18.0.3:9000", host: "localhost", referrer: "http://localhost/"
2021/06/19 08:53:54 [error] 31#31: *9 FastCGI sent in stderr: "PHP message: PHP Warning:  Undefined array key "DB_PASSWORD" in /var/www/html/wp-config.php on line 35PHP message: PHP Warning:  Undefined array key "DB_HOST" in /var/www/html/wp-config.php on line 38PHP message: PHP Fatal error:  Uncaught Error: Call to undefined function mysql_connect() in /var/www/html/wp-includes/wp-db.php:1688
Stack trace:
#0 /var/www/html/wp-includes/wp-db.php(632): wpdb->db_connect()
#1 /var/www/html/wp-includes/load.php(545): wpdb->__construct()
#2 /var/www/html/wp-settings.php(124): require_wp_db()
#3 /var/www/html/wp-config.php(94): require_once('...')
#4 /var/www/html/wp-load.php(37): require_once('...')
#5 /var/www/html/wp-blog-header.php(13): require_once('...')
#6 /var/www/html/index.php(17): require('...')
#7 {main}
  thrown in /var/www/html/wp-includes/wp-db.php on line 1688" while reading response header from upstream, client: 172.18.0.1, server: localhost, request: "GET / HTTP/1.1", upstream: "fastcgi://172.18.0.3:9000", host: "localhost"
2021/06/19 08:53:55 [error] 31#31: *9 FastCGI sent in stderr: "PHP message: PHP Warning:  Undefined array key "DB_PASSWORD" in /var/www/html/wp-config.php on line 35PHP message: PHP Warning:  Undefined array key "DB_HOST" in /var/www/html/wp-config.php on line 38PHP message: PHP Fatal error:  Uncaught Error: Call to undefined function mysql_connect() in /var/www/html/wp-includes/wp-db.php:1688
Stack trace:
#0 /var/www/html/wp-includes/wp-db.php(632): wpdb->db_connect()
#1 /var/www/html/wp-includes/load.php(545): wpdb->__construct()
#2 /var/www/html/wp-settings.php(124): require_wp_db()
#3 /var/www/html/wp-config.php(94): require_once('...')
#4 /var/www/html/wp-load.php(37): require_once('...')
#5 /var/www/html/wp-blog-header.php(13): require_once('...')
#6 /var/www/html/index.php(17): require('...')
#7 {main}
  thrown in /var/www/html/wp-includes/wp-db.php on line 1688" while reading response header from upstream, client: 172.18.0.1, server: localhost, request: "GET /favicon.ico HTTP/1.1", upstream: "fastcgi://172.18.0.3:9000", host: "localhost", referrer: "http://localhost/"
2021/06/19 08:58:41 [error] 31#31: *12 FastCGI sent in stderr: "PHP message: PHP Fatal error:  Uncaught Error: Call to undefined function mysql_connect() in /var/www/html/wp-includes/wp-db.php:1688
Stack trace:
#0 /var/www/html/wp-includes/wp-db.php(632): wpdb->db_connect()
#1 /var/www/html/wp-includes/load.php(545): wpdb->__construct()
#2 /var/www/html/wp-settings.php(124): require_wp_db()
#3 /var/www/html/wp-config.php(94): require_once('...')
#4 /var/www/html/wp-load.php(37): require_once('...')
#5 /var/www/html/wp-blog-header.php(13): require_once('...')
#6 /var/www/html/index.php(17): require('...')
#7 {main}
  thrown in /var/www/html/wp-includes/wp-db.php on line 1688" while reading response header from upstream, client: 172.18.0.1, server: localhost, request: "GET / HTTP/1.1", upstream: "fastcgi://172.18.0.3:9000", host: "localhost"
2021/06/19 08:58:41 [error] 31#31: *12 FastCGI sent in stderr: "PHP message: PHP Fatal error:  Uncaught Error: Call to undefined function mysql_connect() in /var/www/html/wp-includes/wp-db.php:1688
Stack trace:
#0 /var/www/html/wp-includes/wp-db.php(632): wpdb->db_connect()
#1 /var/www/html/wp-includes/load.php(545): wpdb->__construct()
#2 /var/www/html/wp-settings.php(124): require_wp_db()
#3 /var/www/html/wp-config.php(94): require_once('...')
#4 /var/www/html/wp-load.php(37): require_once('...')
#5 /var/www/html/wp-blog-header.php(13): require_once('...')
#6 /var/www/html/index.php(17): require('...')
#7 {main}
  thrown in /var/www/html/wp-includes/wp-db.php on line 1688" while reading response header from upstream, client: 172.18.0.1, server: localhost, request: "GET /favicon.ico HTTP/1.1", upstream: "fastcgi://172.18.0.3:9000", host: "localhost", referrer: "http://localhost/"
2021/06/19 09:01:00 [error] 31#31: *15 FastCGI sent in stderr: "PHP message: PHP Fatal error:  Uncaught Error: Call to undefined function mysql_connect() in /var/www/html/wp-includes/wp-db.php:1688
Stack trace:
#0 /var/www/html/wp-includes/wp-db.php(632): wpdb->db_connect()
#1 /var/www/html/wp-includes/load.php(545): wpdb->__construct()
#2 /var/www/html/wp-settings.php(124): require_wp_db()
#3 /var/www/html/wp-config.php(94): require_once('...')
#4 /var/www/html/wp-load.php(37): require_once('...')
#5 /var/www/html/wp-blog-header.php(13): require_once('...')
#6 /var/www/html/index.php(17): require('...')
#7 {main}
  thrown in /var/www/html/wp-includes/wp-db.php on line 1688" while reading response header from upstream, client: 172.18.0.1, server: localhost, request: "GET / HTTP/1.1", upstream: "fastcgi://172.18.0.3:9000", host: "localhost"
2021/06/19 09:01:00 [error] 31#31: *15 FastCGI sent in stderr: "PHP message: PHP Fatal error:  Uncaught Error: Call to undefined function mysql_connect() in /var/www/html/wp-includes/wp-db.php:1688
Stack trace:
#0 /var/www/html/wp-includes/wp-db.php(632): wpdb->db_connect()
#1 /var/www/html/wp-includes/load.php(545): wpdb->__construct()
#2 /var/www/html/wp-settings.php(124): require_wp_db()
#3 /var/www/html/wp-config.php(94): require_once('...')
#4 /var/www/html/wp-load.php(37): require_once('...')
#5 /var/www/html/wp-blog-header.php(13): require_once('...')
#6 /var/www/html/index.php(17): require('...')
#7 {main}
  thrown in /var/www/html/wp-includes/wp-db.php on line 1688" while reading response header from upstream, client: 172.18.0.1, server: localhost, request: "GET /favicon.ico HTTP/1.1", upstream: "fastcgi://172.18.0.3:9000", host: "localhost", referrer: "http://localhost/"
2021/06/19 09:03:48 [error] 31#31: *1 FastCGI sent in stderr: "PHP message: PHP Warning:  Undefined array key "DB_PASSWORD" in /var/www/html/wp-config.php on line 35PHP message: PHP Warning:  Undefined array key "DB_HOST" in /var/www/html/wp-config.php on line 38PHP message: PHP Fatal error:  Uncaught Error: Call to undefined function mysql_connect() in /var/www/html/wp-includes/wp-db.php:1688
Stack trace:
#0 /var/www/html/wp-includes/wp-db.php(632): wpdb->db_connect()
#1 /var/www/html/wp-includes/load.php(545): wpdb->__construct()
#2 /var/www/html/wp-settings.php(124): require_wp_db()
#3 /var/www/html/wp-config.php(94): require_once('...')
#4 /var/www/html/wp-load.php(37): require_once('...')
#5 /var/www/html/wp-blog-header.php(13): require_once('...')
#6 /var/www/html/index.php(17): require('...')
#7 {main}
  thrown in /var/www/html/wp-includes/wp-db.php on line 1688" while reading response header from upstream, client: 172.18.0.1, server: localhost, request: "GET / HTTP/1.1", upstream: "fastcgi://172.18.0.3:9000", host: "localhost"
2021/06/19 09:03:48 [error] 31#31: *1 FastCGI sent in stderr: "PHP message: PHP Warning:  Undefined array key "DB_PASSWORD" in /var/www/html/wp-config.php on line 35PHP message: PHP Warning:  Undefined array key "DB_HOST" in /var/www/html/wp-config.php on line 38PHP message: PHP Fatal error:  Uncaught Error: Call to undefined function mysql_connect() in /var/www/html/wp-includes/wp-db.php:1688
Stack trace:
#0 /var/www/html/wp-includes/wp-db.php(632): wpdb->db_connect()
#1 /var/www/html/wp-includes/load.php(545): wpdb->__construct()
#2 /var/www/html/wp-settings.php(124): require_wp_db()
#3 /var/www/html/wp-config.php(94): require_once('...')
#4 /var/www/html/wp-load.php(37): require_once('...')
#5 /var/www/html/wp-blog-header.php(13): require_once('...')
#6 /var/www/html/index.php(17): require('...')
#7 {main}
  thrown in /var/www/html/wp-includes/wp-db.php on line 1688" while reading response header from upstream, client: 172.18.0.1, server: localhost, request: "GET /favicon.ico HTTP/1.1", upstream: "fastcgi://172.18.0.3:9000", host: "localhost", referrer: "http://localhost/"
2021/06/19 09:05:46 [error] 31#31: *4 FastCGI sent in stderr: "PHP message: PHP Warning:  Undefined array key "DB_PASSWORD" in /var/www/html/wp-config.php on line 35PHP message: PHP Warning:  Undefined array key "DB_HOST" in /var/www/html/wp-config.php on line 38PHP message: PHP Fatal error:  Uncaught Error: Call to undefined function mysql_connect() in /var/www/html/wp-includes/wp-db.php:1688
Stack trace:
#0 /var/www/html/wp-includes/wp-db.php(632): wpdb->db_connect()
#1 /var/www/html/wp-includes/load.php(545): wpdb->__construct()
#2 /var/www/html/wp-settings.php(124): require_wp_db()
#3 /var/www/html/wp-config.php(94): require_once('...')
#4 /var/www/html/wp-load.php(37): require_once('...')
#5 /var/www/html/wp-blog-header.php(13): require_once('...')
#6 /var/www/html/index.php(17): require('...')
#7 {main}
  thrown in /var/www/html/wp-includes/wp-db.php on line 1688" while reading response header from upstream, client: 172.18.0.1, server: localhost, request: "GET / HTTP/1.1", upstream: "fastcgi://172.18.0.3:9000", host: "localhost"
2021/06/19 09:05:46 [error] 31#31: *4 FastCGI sent in stderr: "PHP message: PHP Warning:  Undefined array key "DB_PASSWORD" in /var/www/html/wp-config.php on line 35PHP message: PHP Warning:  Undefined array key "DB_HOST" in /var/www/html/wp-config.php on line 38PHP message: PHP Fatal error:  Uncaught Error: Call to undefined function mysql_connect() in /var/www/html/wp-includes/wp-db.php:1688
Stack trace:
#0 /var/www/html/wp-includes/wp-db.php(632): wpdb->db_connect()
#1 /var/www/html/wp-includes/load.php(545): wpdb->__construct()
#2 /var/www/html/wp-settings.php(124): require_wp_db()
#3 /var/www/html/wp-config.php(94): require_once('...')
#4 /var/www/html/wp-load.php(37): require_once('...')
#5 /var/www/html/wp-blog-header.php(13): require_once('...')
#6 /var/www/html/index.php(17): require('...')
#7 {main}
  thrown in /var/www/html/wp-includes/wp-db.php on line 1688" while reading response header from upstream, client: 172.18.0.1, server: localhost, request: "GET /favicon.ico HTTP/1.1", upstream: "fastcgi://172.18.0.3:9000", host: "localhost", referrer: "http://localhost/"
2021/06/19 09:06:29 [error] 31#31: *4 FastCGI sent in stderr: "PHP message: PHP Warning:  Undefined array key "DB_PASSWORD" in /var/www/html/wp-config.php on line 35PHP message: PHP Fatal error:  Uncaught Error: Call to undefined function mysql_connect() in /var/www/html/wp-includes/wp-db.php:1688
Stack trace:
#0 /var/www/html/wp-includes/wp-db.php(632): wpdb->db_connect()
#1 /var/www/html/wp-includes/load.php(545): wpdb->__construct()
#2 /var/www/html/wp-settings.php(124): require_wp_db()
#3 /var/www/html/wp-config.php(94): require_once('...')
#4 /var/www/html/wp-load.php(37): require_once('...')
#5 /var/www/html/wp-blog-header.php(13): require_once('...')
#6 /var/www/html/index.php(17): require('...')
#7 {main}
  thrown in /var/www/html/wp-includes/wp-db.php on line 1688" while reading response header from upstream, client: 172.18.0.1, server: localhost, request: "GET / HTTP/1.1", upstream: "fastcgi://172.18.0.3:9000", host: "localhost"
2021/06/19 09:06:29 [error] 31#31: *4 FastCGI sent in stderr: "PHP message: PHP Warning:  Undefined array key "DB_PASSWORD" in /var/www/html/wp-config.php on line 35PHP message: PHP Fatal error:  Uncaught Error: Call to undefined function mysql_connect() in /var/www/html/wp-includes/wp-db.php:1688
Stack trace:
#0 /var/www/html/wp-includes/wp-db.php(632): wpdb->db_connect()
#1 /var/www/html/wp-includes/load.php(545): wpdb->__construct()
#2 /var/www/html/wp-settings.php(124): require_wp_db()
#3 /var/www/html/wp-config.php(94): require_once('...')
#4 /var/www/html/wp-load.php(37): require_once('...')
#5 /var/www/html/wp-blog-header.php(13): require_once('...')
#6 /var/www/html/index.php(17): require('...')
#7 {main}
  thrown in /var/www/html/wp-includes/wp-db.php on line 1688" while reading response header from upstream, client: 172.18.0.1, server: localhost, request: "GET /favicon.ico HTTP/1.1", upstream: "fastcgi://172.18.0.3:9000", host: "localhost", referrer: "http://localhost/"
2021/06/19 09:06:45 [error] 31#31: *4 FastCGI sent in stderr: "PHP message: PHP Warning:  Undefined array key "DB_PASSWORD" in /var/www/html/wp-config.php on line 35PHP message: PHP Fatal error:  Uncaught Error: Call to undefined function mysql_connect() in /var/www/html/wp-includes/wp-db.php:1688
Stack trace:
#0 /var/www/html/wp-includes/wp-db.php(632): wpdb->db_connect()
#1 /var/www/html/wp-includes/load.php(545): wpdb->__construct()
#2 /var/www/html/wp-settings.php(124): require_wp_db()
#3 /var/www/html/wp-config.php(94): require_once('...')
#4 /var/www/html/wp-load.php(37): require_once('...')
#5 /var/www/html/wp-blog-header.php(13): require_once('...')
#6 /var/www/html/index.php(17): require('...')
#7 {main}
  thrown in /var/www/html/wp-includes/wp-db.php on line 1688" while reading response header from upstream, client: 172.18.0.1, server: localhost, request: "GET / HTTP/1.1", upstream: "fastcgi://172.18.0.3:9000", host: "localhost"
2021/06/19 09:06:45 [error] 31#31: *4 FastCGI sent in stderr: "PHP message: PHP Warning:  Undefined array key "DB_PASSWORD" in /var/www/html/wp-config.php on line 35PHP message: PHP Fatal error:  Uncaught Error: Call to undefined function mysql_connect() in /var/www/html/wp-includes/wp-db.php:1688
Stack trace:
#0 /var/www/html/wp-includes/wp-db.php(632): wpdb->db_connect()
#1 /var/www/html/wp-includes/load.php(545): wpdb->__construct()
#2 /var/www/html/wp-settings.php(124): require_wp_db()
#3 /var/www/html/wp-config.php(94): require_once('...')
#4 /var/www/html/wp-load.php(37): require_once('...')
#5 /var/www/html/wp-blog-header.php(13): require_once('...')
#6 /var/www/html/index.php(17): require('...')
#7 {main}
  thrown in /var/www/html/wp-includes/wp-db.php on line 1688" while reading response header from upstream, client: 172.18.0.1, server: localhost, request: "GET /favicon.ico HTTP/1.1", upstream: "fastcgi://172.18.0.3:9000", host: "localhost", referrer: "http://localhost/"
2021/06/19 09:06:54 [error] 31#31: *4 FastCGI sent in stderr: "PHP message: PHP Warning:  Undefined array key "DB_PASSWORD" in /var/www/html/wp-config.php on line 35PHP message: PHP Fatal error:  Uncaught Error: Call to undefined function mysql_connect() in /var/www/html/wp-includes/wp-db.php:1688
Stack trace:
#0 /var/www/html/wp-includes/wp-db.php(632): wpdb->db_connect()
#1 /var/www/html/wp-includes/load.php(545): wpdb->__construct()
#2 /var/www/html/wp-settings.php(124): require_wp_db()
#3 /var/www/html/wp-config.php(94): require_once('...')
#4 /var/www/html/wp-load.php(37): require_once('...')
#5 /var/www/html/wp-blog-header.php(13): require_once('...')
#6 /var/www/html/index.php(17): require('...')
#7 {main}
  thrown in /var/www/html/wp-includes/wp-db.php on line 1688" while reading response header from upstream, client: 172.18.0.1, server: localhost, request: "GET / HTTP/1.1", upstream: "fastcgi://172.18.0.3:9000", host: "localhost"
2021/06/19 09:06:54 [error] 31#31: *4 FastCGI sent in stderr: "PHP message: PHP Warning:  Undefined array key "DB_PASSWORD" in /var/www/html/wp-config.php on line 35PHP message: PHP Fatal error:  Uncaught Error: Call to undefined function mysql_connect() in /var/www/html/wp-includes/wp-db.php:1688
Stack trace:
#0 /var/www/html/wp-includes/wp-db.php(632): wpdb->db_connect()
#1 /var/www/html/wp-includes/load.php(545): wpdb->__construct()
#2 /var/www/html/wp-settings.php(124): require_wp_db()
#3 /var/www/html/wp-config.php(94): require_once('...')
#4 /var/www/html/wp-load.php(37): require_once('...')
#5 /var/www/html/wp-blog-header.php(13): require_once('...')
#6 /var/www/html/index.php(17): require('...')
#7 {main}
  thrown in /var/www/html/wp-includes/wp-db.php on line 1688" while reading response header from upstream, client: 172.18.0.1, server: localhost, request: "GET /favicon.ico HTTP/1.1", upstream: "fastcgi://172.18.0.3:9000", host: "localhost", referrer: "http://localhost/"
2021/06/19 09:19:10 [error] 32#32: *1 FastCGI sent in stderr: "PHP message: PHP Fatal error:  Uncaught Error: Call to undefined function mysql_connect() in /var/www/html/wp-includes/wp-db.php:1688
Stack trace:
#0 /var/www/html/wp-includes/wp-db.php(632): wpdb->db_connect()
#1 /var/www/html/wp-includes/load.php(545): wpdb->__construct()
#2 /var/www/html/wp-settings.php(124): require_wp_db()
#3 /var/www/html/wp-config.php(94): require_once('...')
#4 /var/www/html/wp-load.php(37): require_once('...')
#5 /var/www/html/wp-blog-header.php(13): require_once('...')
#6 /var/www/html/index.php(17): require('...')
#7 {main}
  thrown in /var/www/html/wp-includes/wp-db.php on line 1688" while reading response header from upstream, client: 172.18.0.1, server: localhost, request: "GET / HTTP/1.1", upstream: "fastcgi://172.18.0.3:9000", host: "localhost"
2021/06/19 09:19:10 [error] 32#32: *1 FastCGI sent in stderr: "PHP message: PHP Fatal error:  Uncaught Error: Call to undefined function mysql_connect() in /var/www/html/wp-includes/wp-db.php:1688
Stack trace:
#0 /var/www/html/wp-includes/wp-db.php(632): wpdb->db_connect()
#1 /var/www/html/wp-includes/load.php(545): wpdb->__construct()
#2 /var/www/html/wp-settings.php(124): require_wp_db()
#3 /var/www/html/wp-config.php(94): require_once('...')
#4 /var/www/html/wp-load.php(37): require_once('...')
#5 /var/www/html/wp-blog-header.php(13): require_once('...')
#6 /var/www/html/index.php(17): require('...')
#7 {main}
  thrown in /var/www/html/wp-includes/wp-db.php on line 1688" while reading response header from upstream, client: 172.18.0.1, server: localhost, request: "GET /favicon.ico HTTP/1.1", upstream: "fastcgi://172.18.0.3:9000", host: "localhost", referrer: "http://localhost/"
2021/06/19 09:24:50 [error] 31#31: *1 FastCGI sent in stderr: "PHP message: PHP Fatal error:  Uncaught Error: Call to undefined function mysql_connect() in /var/www/html/wp-includes/wp-db.php:1688
Stack trace:
#0 /var/www/html/wp-includes/wp-db.php(632): wpdb->db_connect()
#1 /var/www/html/wp-includes/load.php(545): wpdb->__construct()
#2 /var/www/html/wp-settings.php(124): require_wp_db()
#3 /var/www/html/wp-config.php(94): require_once('...')
#4 /var/www/html/wp-load.php(37): require_once('...')
#5 /var/www/html/wp-blog-header.php(13): require_once('...')
#6 /var/www/html/index.php(17): require('...')
#7 {main}
  thrown in /var/www/html/wp-includes/wp-db.php on line 1688" while reading response header from upstream, client: 172.18.0.1, server: localhost, request: "GET / HTTP/1.1", upstream: "fastcgi://172.18.0.3:9000", host: "localhost"
2021/06/19 09:24:50 [error] 31#31: *1 FastCGI sent in stderr: "PHP message: PHP Fatal error:  Uncaught Error: Call to undefined function mysql_connect() in /var/www/html/wp-includes/wp-db.php:1688
Stack trace:
#0 /var/www/html/wp-includes/wp-db.php(632): wpdb->db_connect()
#1 /var/www/html/wp-includes/load.php(545): wpdb->__construct()
#2 /var/www/html/wp-settings.php(124): require_wp_db()
#3 /var/www/html/wp-config.php(94): require_once('...')
#4 /var/www/html/wp-load.php(37): require_once('...')
#5 /var/www/html/wp-blog-header.php(13): require_once('...')
#6 /var/www/html/index.php(17): require('...')
#7 {main}
  thrown in /var/www/html/wp-includes/wp-db.php on line 1688" while reading response header from upstream, client: 172.18.0.1, server: localhost, request: "GET /favicon.ico HTTP/1.1", upstream: "fastcgi://172.18.0.3:9000", host: "localhost", referrer: "http://localhost/"
